'
#BOMRECEIVE_ARTICLE
#BOMRECEIVE_CHECK
#BOMRECEIVE_DATE
#CGZLINVOICEP
#CGZLP
#PAYMENTSEASON
#SAMPLEMATTRACK
#SAMPLEMATTRACK2
#SAMPLEMATTRACK3
#SAMPLEPURCHASEANALYSIS
#SAMPLEPURCHASEANALYSIS2
#TEMP_LYV
#TRACELISTSAMPLE_ARTICLE
#TRACELISTSAMPLE1
(
(SELECT
')
BDEPARTMENT
BOMRECEIVE
BOMRECEIVES
BOMRECEIVES,BOMRECEIVE
BUSERS
BWZL
BWZLFI
BWZLFILTER
C
CGBJ
CGBJS
CGHLS
CGKCUSE
CGZL
CGZL,CGZLS,ZSZL
CGZLINVOI
CGZLINVOICE
CGZLINVOICE,CGZLINVOIC
CGZLINVOICE,CGZLINVOICES
CGZLINVOICES
CGZLINVOICES,CGZLSS
CGZLINVOICESS
CGZLS
CGZLS,CGZL
CGZLSS
CGZLSS_IGNOREWRONGSIZE
CLLBZLSS
CLZHZL
CLZL
CLZLFI
CLZLFILTER
COUNTRY
CWFK
DDZL
ETDTEMP
FORWARDERSAMPLE
JGZL
JGZLS
KCCK
KCCLMONTH
KCLL
KCLLS
KCLLSS
KCLLSS,KCLL
KCRK
KCRK,KCRKS
KCRKS
KCRKS)
KCRKS,KCRK
KCZLS
KFXXZL
KFZL
KJHL
LACE
LBZLS
LIST
MATERIALA01
MATERIALA01FILE
MATERIALCHANGEMEMO
MATERIALLTISSUEFILE
MATERIALMOQ
MATERIALMOQ_LACE
MATERIALMOQ_LT_HISTORY
MATERIALNG
MATERIALPRICE
OLD
PDSCH
SAMPLELEATHERQC
TRANSPORTATION
TRANSPORTCHARGE
XXZLKF
YP
YPZL
YPZL_NONEEDPUR
YPZLS
YPZLZL
YPZLZLS
YPZLZLS,YPZL
YPZLZLS1
YPZLZLS2
YPZLZLS2,YPZL
YWWX2
ZLZLS2
ZS
ZSZL
ZSZL_MAT
ZSZLCONTACT
ZSZLFI
ZSZLFILTER
ZSZLSAMPLEPAYMENT
