#BOMRECEIVE_ARTICLE
#BOMRECEIVE_CHECK
#BOMRECEIVE_DATE
#PAYMENTSEASON
#SAMPLEMATTRACK
#SAMPLEMATTRACK2
#SAMPLEMATTRACK3
#SAMPLEPURCHASEANALYSIS
#SAMPLEPURCHASEANALYSIS2
#TEMP_LYV
#TRACELISTSAMPLE_ARTICLE
#TRACELISTSAMPLE1
(
(SELECT
')
BDEPARTMENT
BOMRECEIVE
BOMRECEIVES
BOMRECEIVES,BOMRECEIVE
BUSERS
BWZL
CGBJ
CGHLS
CGKCUSE
CGZL
CGZL,CGZLS,ZSZL
CGZLINVOICE
CGZLINVOICE,CGZLINVOICES
CGZLINVOICES
CGZLINVOICESS
CGZLS
CGZLS,CGZL
CGZLSS
CLLBZLSS
CLZHZL
CLZL
CLZLFILTER
COUNTRY
CWFK
FORWARDERSAMPLE
JGZL
JGZLS
KCCK
KCCLMONTH
KCLL
KCLLS
KCLLSS
KCLLSS,KCLL
KCRK
KCRK,KCRKS
KCRKS
KCRKS)
KCRKS,KCRK
KCZLS
KFXXZL
KFZL
KJHL
LIST
MATERIALA01
MATERIALA01FILE
MATERIALCHANGEMEMO
MATERIALLTISSUEFILE
MATERIALMOQ
MATERIALMOQ_LACE
MATERIALNG
MATERIALPRICE
SAMPLELEATHERQC
TRANSPORTATION
TRANSPORTCHARGE
XXZLKF
YPZL
YPZL_NONEEDPUR
YPZLS
YPZLZL
YPZLZLS
YPZLZLS,YPZL
YPZLZLS1
YPZLZLS2
YPZLZLS2,YPZL
YWWX2
ZSZL
ZSZL_MAT
ZSZLCONTACT
ZSZLFILTER
ZSZLSAMPLEPAYMENT
