Articlecheck1 in 'source\N711\Articlecheck1.pas' {Articlecheck},
BOMReceive1 in 'source\N711\BOMReceive1.pas' {BOMReceive},
BOMReceive_Check1 in 'source\N711\BOMReceive_Check1.pas' {BOMReceive_Check},
CountryLeadtime1 in 'source\N711\CountryLeadtime1.pas' {CountryLeadtime},
DeliverMerge1 in 'source\N711\DeliverMerge1.pas' {DeliverMerge},
ForwarderSample1 in 'source\N711\ForwarderSample1.pas' {ForwarderSample},
MaterialMOQ1 in 'source\N711\MaterialMOQ1.pas' {MaterialMOQ},
MaterialMOQ_Copy1 in 'source\N711\MaterialMOQ_Copy1.pas' {MaterialMOQ_Copy},
MaterialMOQ_LaceStyle1 in 'source\N711\MaterialMOQ_LaceStyle1.pas' {MaterialMOQ_LaceStyle},
MaterialMOQ_Purchaser1 in 'source\N711\MaterialMOQ_Purchaser1.pas' {MaterialMOQ_Purchaser},
MaterialNG1 in 'source\N711\MaterialNG1.pas' {MaterialNG},
MaterialTraceSample1 in 'source\N711\MaterialTraceSample1.pas' {MaterialTraceSample},
Payment1 in 'source\N711\Payment1.pas' {Payment},
PurConfirmPrice1 in 'source\N711\PurConfirmPrice1.pas' {PurConfirmPrice},
PurProdInvoice1 in 'source\N711\PurProdInvoice1.pas' {PurProdInvoice},
PurProdInvoice_SUM1 in 'source\N711\PurProdInvoice_SUM1.pas' {PurProdInvoice_SUM},
PurSample1 in 'source\N711\PurSample1.pas' {PurSample},
PurSampleInvoice1 in 'source\N711\PurSampleInvoice1.pas' {PurSampleInvoice},
PurSampleInvoice_IM1 in 'source\N711\PurSampleInvoice_IM1.pas' {PurSampleInvoice_IM},
PurSampleInvoice_IM_VN1 in 'source\N711\PurSampleInvoice_IM_VN1.pas' {PurSampleInvoice_IM_VN},
PurSampleInvoice_Print1 in 'source\N711\PurSampleInvoice_Print1.pas' {PurSampleInvoice_Print},
PurSampleInvoice_PrintALL1 in 'source\N711\PurSampleInvoice_PrintALL1.pas' {PurSampleInvoice_PrintALL},
PurSampleInvoice_ZS1 in 'source\N711\PurSampleInvoice_ZS1.pas' {PurSampleInvoice_ZS},
PurSample_BJ1 in 'source\N711\PurSample_BJ1.pas' {PurSample_BJ},
Pursample_BW1 in 'source\N711\Pursample_BW1.pas' {Pursample_BW},
PurSample_CL1 in 'source\N711\PurSample_CL1.pas' {PurSample_CL},
PurSample_IM1 in 'source\N711\PurSample_IM1.pas' {PurSample_IM},
PurSample_Ord1 in 'source\N711\PurSample_Ord1.pas' {PurSample_Ord},
PurSample_Print1 in 'source\N711\PurSample_Print1.pas' {PurSample_Print},
PurSample_Print_S1 in 'source\N711\PurSample_Print_S1.pas' {PurSample_Print_S},
PurSample_Print_S_LHG1 in 'source\N711\PurSample_Print_S_LHG1.pas' {PurSample_Print_S_LHG},
Pursample_S1 in 'source\N711\Pursample_S1.pas' {Pursample_S},
PurSample_ZS1 in 'source\N711\PurSample_ZS1.pas' {PurSample_ZS},
QuotationS1 in 'source\N711\QuotationS1.pas' {QuotationS},
QuotationS_CL1 in 'source\N711\QuotationS_CL1.pas' {QuotationS_CL},
QuotationS_ZS1 in 'source\N711\QuotationS_ZS1.pas' {QuotationS_ZS},
SampleMatTrack1 in 'source\N711\SampleMatTrack1.pas' {SampleMatTrack},
SampleMerge1 in 'source\N711\SampleMerge1.pas' {SampleMerge},
SampleMerge_CL1 in 'source\N711\SampleMerge_CL1.pas' {SampleMerge_CL},
SamplePolicy1 in 'source\N711\SamplePolicy1.pas' {SamplePolicy},
SamplePolicy_Purchaser1 in 'source\N711\SamplePolicy_Purchaser1.pas' {SamplePolicy_Purchaser},
SamplePolicy_Style1 in 'source\N711\SamplePolicy_Style1.pas' {SamplePolicy_Style},
SupplierKPI1 in 'source\N711\SupplierKPI1.pas' {SupplierKPI},
SupplierKPI_Purchaser1 in 'source\N711\SupplierKPI_Purchaser1.pas' {SupplierKPI_Purchaser},
SupplierSample1 in 'source\N711\SupplierSample1.pas' {SupplierSample},
SupplierSample_Country1 in 'source\N711\SupplierSample_Country1.pas' {SupplierSample_Country},
SupplierSample_Group1 in 'source\N711\SupplierSample_Group1.pas' {SupplierSample_Group},
SupplierSample_Purchaser1 in 'source\N711\SupplierSample_Purchaser1.pas' {SupplierSample_Purchaser},
SupplierSample_PurchaserA1 in 'source\N711\SupplierSample_PurchaserA1.pas' {SupplierSample_PurchaserA},
SupplierSample_SamplePolicy1 in 'source\N711\SupplierSample_SamplePolicy1.pas' {SupplierSample_SamplePolicy},
SupplierSample_Style1 in 'source\N711\SupplierSample_Style1.pas' {SupplierSample_Style},
TraceListSample1 in 'source\N711\TraceListSample1.pas' {TraceListSample},
TraceListSample_Country1 in 'source\N711\TraceListSample_Country1.pas' {TraceListSample_Country},
TraceListSample_Purchaser1 in 'source\N711\TraceListSample_Purchaser1.pas' {TraceListSample_Purchaser},
TraceListSample_Style1 in 'source\N711\TraceListSample_Style1.pas' {TraceListSample_Style},
TraceSample1 in 'source\N711\TraceSample1.pas' {TraceSample},
TransportCharge1 in 'source\N711\TransportCharge1.pas' {TransportCharge},
