#BOMRECEIVE_ARTICLE
#BOMRECEIVE_CHECK
#BOMRECEIVE_DATE
#CGZLINVOICEP
#CGZLP
#PAYMENTSEASON
#SAMPLEMATTRACK
#SAMPLEMATTRACK2
#SAMPLEMATTRACK3
#TEMP_LYV
#TRACELISTSAMPLE_ARTICLE
#TRACELISTSAMPLE1
(
(SELECT
')
BDEPARTMENT
BOMRECEIVE
BOMRECEIVES
BOMRECEIVES,BOMRECEIVE
BUSERS
BWZL
CGBJ
CGBJS
CGHLS
CGKCUSE
CGZL
CGZLINVOI
CGZLINVOICE
CGZLINVOICE,CGZLINVOIC
CGZLINVOICE,CGZLINVOICES
CGZLINVOICES
CGZLINVOICES,CGZLSS
CGZLINVOICESS
CGZLS
CGZLSS
CGZLSS_IGNOREWRONGSIZE
CLLBZLSS
CLZHZL
CLZL
CLZLFILTER
COUNTRY
CWFK
DDZL
ETDTEMP
JGZL
JGZLS
KCCK
KCCLMONTH
KCLL
KCLLS
KCLLSS
KCLLSS,KCLL
KCRK
KCRK,KCRKS
KCRKS
KCRKS)
KCRKS,KCRK
KCZLS
KFXXZL
KFZL
KJHL
LBZLS
LIST
MATERIALA01
MATERIALCHANGEMEMO
MATERIALMOQ
MATERIALNG
MATERIALPRICE
PDSCH
SAMPLELEATHERQC
TRANSPORTCHARGE
XXZLKF
YPZL
YPZLS
YPZLZL
YPZLZLS
YPZLZLS,YPZL
YPZLZLS1
YPZLZLS2
YPZLZLS2,YPZL
YWWX2
ZLZLS2
ZS
ZSZL
ZSZL_MAT
ZSZLCONTACT
ZSZLFILTER
ZSZLSAMPLEPAYMENT
