#BOMRECEIVE_ARTICLE
#BOMRECEIVE_CHECK
#BOMRECEIVE_DATE
#PAYMENTSEASON
#SAMPLEMATTRACK
#SAMPLEMATTRACK2
#SAMPLEMATTRACK3
#TEMP_LYV
#TRACELISTSAMPLE_ARTICLE
#TRACELISTSAMPLE1
(
(SELECT
')
BDEPARTMENT
BOMRECEIVE
BOMRECEIVES
BOMRECEIVES,BOMRECEIVE
BUSERS
BWZL
CGBJ
CGHLS
CGKCUSE
CGZL
CGZLINVOICE
CGZLINVOICE,CGZLINVOICES
CGZLINVOICES
CGZLINVOICESS
CGZLS
CGZLSS
CLZHZL
CLZL
CLZLFILTER
COUNTRY
CWFK
JGZL
JGZLS
KCCK
KCCLMONTH
KCLL
KCLLS
KCLLSS
KCLLSS,KCLL
KCRK
KCRK,KCRKS
KCRKS
KCRKS)
KCRKS,KCRK
KCZLS
KFXXZL
KFZL
KJHL
LIST
MATERIALA01
MATERIALCHANGEMEMO
MATERIALMOQ
MATERIALNG
MATERIALPRICE
SAMPLELEATHERQC
TRANSPORTCHARGE
XXZLKF
YPZL
YPZLS
YPZLZL
YPZLZLS
YPZLZLS,YPZL
YPZLZLS1
YPZLZLS2
YPZLZLS2,YPZL
YWWX2
ZSZL
ZSZL_MAT
ZSZLCONTACT
ZSZLFILTER
ZSZLSAMPLEPAYMENT
