Select VCLID,VCLName_VN as Langeuage from BLanguage WHERE  MKID = '00' and mainForm='main'
Select VCLID,VCLName_VN as Langeuage from BLanguage WHERE  MKID = '00' and mainForm='main'
2024/03/06 上午 09:46:07 Insert:Select top 1 * from CLZL where cldh='A010028639'
2024/03/06 上午 09:46:07 Insert:Select top 1 * from CLZL where cldh='P010021144'
2024/03/06 上午 09:46:07 Insert:Select top 1 * from CLZL where cldh='P010021145'
2024/03/06 上午 09:46:07 Insert:Select top 1 * from CLZL where cldh='P210033450'
2024/03/06 上午 09:46:07 Insert:Select top 1 * from CLZL where cldh='B010003235'
2024/03/06 上午 09:46:07 Insert:Select top 1 * from CLZL where cldh='K020070483'
2024/03/06 上午 09:46:07 Insert:Select top 1 * from CLZL where cldh='K020070484'
2024/03/06 上午 09:46:07 Insert:Select top 1 * from CLZL where cldh='K020070480'
2024/03/06 上午 09:46:07 Insert:Select top 1 * from CLZL where cldh='K020070485'
2024/03/06 上午 09:46:07 Insert:Select top 1 * from CLZL where cldh='K020070482'
2024/03/06 上午 09:46:08 Insert:Select top 1 * from CLZL where cldh='P930026058'
2024/03/06 上午 09:46:08 Update:Select top 1 * from CLZL where cldh='P930026052'
2024/03/06 上午 09:46:08 Insert:Select top 1 * from CLZL where cldh='P430016197'
2024/03/06 上午 09:46:08 Insert:Select top 1 * from CLZL where cldh='P930026057'
2024/03/06 上午 09:46:08 Insert:Select top 1 * from CLZL where cldh='P930026056'
2024/03/06 上午 09:46:08 Insert:Select top 1 * from CLZL where cldh='A010028640'
2024/03/06 上午 09:46:08 Insert:Select top 1 * from CLZL where cldh='A110023328'
2024/03/06 上午 09:46:08 Insert:Select top 1 * from CLZL where cldh='D090060709'
2024/03/06 上午 09:46:08 Insert:Select top 1 * from CLZL where cldh='N030052712'
2024/03/06 上午 09:46:08 Insert:Select top 1 * from CLZL where cldh='N040009757'
2024/03/06 上午 09:46:09 Insert:Select top 1 * from CLZL where cldh='K020070481'
2024/03/06 上午 09:46:09 Insert:Select top 1 * from CLZL where cldh='D110019775'
2024/03/06 上午 09:46:09 Insert:Select top 1 * from CLZL where cldh='J030039007'
2024/03/06 上午 09:46:09 Insert:Select top 1 * from CLZL where cldh='J030039005'
2024/03/06 上午 09:46:09 Insert:Select top 1 * from CLZL where cldh='J030039006'
2024/03/06 上午 09:46:09 Insert:Select top 1 * from CLZL where cldh='J030039004'
Select VCLID,VCLName_VN as Langeuage from BLanguage WHERE  MKID = '00' and mainForm='main'
Select VCLID,VCLName_VN as Langeuage from BLanguage WHERE  MKID = '00' and mainForm='main'
